2020-06-03 08:37:01 : ERROR : Spider error processing <GET https://iosite.reclameaqui.com.br/raichu-io-site-v1/complain/public/H9_KpuGCGZJfiVoB> (referer: https://www.reclameaqui.com.br/empresa/digio/lista-reclamacoes/?pagina=1&status=EVALUATED)
Traceback (most recent call last):
  File "/home/ubuntu/anaconda3/lib/python3.7/site-packages/scrapy/utils/defer.py", line 117, in iter_errback
    yield next(it)
  File "/home/ubuntu/anaconda3/lib/python3.7/site-packages/scrapy/utils/python.py", line 345, in __next__
    return next(self.data)
  File "/home/ubuntu/anaconda3/lib/python3.7/site-packages/scrapy/utils/python.py", line 345, in __next__
    return next(self.data)
  File "/home/ubuntu/anaconda3/lib/python3.7/site-packages/scrapy/core/spidermw.py", line 64, in _evaluate_iterable
    for r in iterable:
  File "/home/ubuntu/anaconda3/lib/python3.7/site-packages/scrapy_splash/middleware.py", line 156, in process_spider_output
    for el in result:
  File "/home/ubuntu/anaconda3/lib/python3.7/site-packages/scrapy/core/spidermw.py", line 64, in _evaluate_iterable
    for r in iterable:
  File "/home/ubuntu/anaconda3/lib/python3.7/site-packages/scrapy/spidermiddlewares/offsite.py", line 29, in process_spider_output
    for x in result:
  File "/home/ubuntu/anaconda3/lib/python3.7/site-packages/scrapy/core/spidermw.py", line 64, in _evaluate_iterable
    for r in iterable:
  File "/home/ubuntu/anaconda3/lib/python3.7/site-packages/scrapy/spidermiddlewares/referer.py", line 338, in <genexpr>
    return (_set_referer(r) for r in result or ())
  File "/home/ubuntu/anaconda3/lib/python3.7/site-packages/scrapy/core/spidermw.py", line 64, in _evaluate_iterable
    for r in iterable:
  File "/home/ubuntu/anaconda3/lib/python3.7/site-packages/scrapy/spidermiddlewares/urllength.py", line 37, in <genexpr>
    return (r for r in result or () if _filter(r))
  File "/home/ubuntu/anaconda3/lib/python3.7/site-packages/scrapy/core/spidermw.py", line 64, in _evaluate_iterable
    for r in iterable:
  File "/home/ubuntu/anaconda3/lib/python3.7/site-packages/scrapy/spidermiddlewares/depth.py", line 58, in <genexpr>
    return (r for r in result or () if _filter(r))
  File "/home/ubuntu/anaconda3/lib/python3.7/site-packages/scrapy/core/spidermw.py", line 64, in _evaluate_iterable
    for r in iterable:
  File "/home/ubuntu/scripts/load-dados-reclame-aqui/reclame_aqui/reclame_aqui/spiders/reclamacoes.py", line 77, in parseComplain
    title = d['title']
KeyError: 'title'
